<?xml version="1.0" encoding="UTF-8"?>
<!-- Generated by org.testng.reporters.JUnitReportReporter -->
<testsuite hostname="YEVGENIY" failures="0" tests="2" name="homeworks.BrowserRun" time="9.092" errors="0" timestamp="2021-07-13T20:19:59 MSK" skipped="0">
  <testcase classname="homeworks.BrowserRun" name="openBrowser" time="6.017"/>
  <system-out/>
  <testcase classname="homeworks.BrowserRun" name="openBrowser" time="3.075"/>
  <system-out/>
</testsuite> <!-- homeworks.BrowserRun -->
