<?xml version="1.0" encoding="UTF-8"?>
<!-- Generated by org.testng.reporters.JUnitReportReporter -->
<testsuite hostname="Евгений-LENOVO" failures="0" tests="5" name="main.seven.HTMLUnit" time="1.056" errors="0" timestamp="2021-07-13T09:11:00 MSK" skipped="4">
  <testcase classname="main.seven.HTMLUnit" name="SeleniumDriverCases" time="1.056"/>
  <system-out/>
  <testcase classname="main.seven.HTMLUnit" name="homePage_Firefox">
    <skipped/>
  </testcase> <!-- homePage_Firefox -->
  <system-out/>
  <testcase classname="main.seven.HTMLUnit" name="SeleniumDriver">
    <skipped/>
  </testcase> <!-- SeleniumDriver -->
  <system-out/>
  <testcase classname="main.seven.HTMLUnit" name="homePage">
    <skipped/>
  </testcase> <!-- homePage -->
  <system-out/>
  <testcase classname="main.seven.HTMLUnit" name="homePage_proxy">
    <skipped/>
  </testcase> <!-- homePage_proxy -->
  <system-out/>
</testsuite> <!-- main.seven.HTMLUnit -->
